<?xml version="1.0" encoding="UTF-8"?>
<!-- Generated by org.testng.reporters.JUnitReportReporter -->
<testsuite hostname="QSP" failures="0" tests="1" name="scripts.Test4" time="0.026" errors="0" timestamp="2021-04-29T08:03:05 IST" skipped="0">
  <testcase classname="scripts.Test4" name="demo" time="0.026"/>
  <system-out>
Hello API  </system-out>
</testsuite> <!-- scripts.Test4 -->
